<?xml version="1.0" encoding="UTF-8"?>
<testng-results skipped="0" failed="2" ignored="9" total="19" passed="8">
  <reporter-output>
  </reporter-output>
  <suite name="Default suite" duration-ms="483081" started-at="2018-06-25T09:32:48Z" finished-at="2018-06-25T09:40:51Z">
    <groups>
    </groups>
    <test name="Default test" duration-ms="483081" started-at="2018-06-25T09:32:48Z" finished-at="2018-06-25T09:40:51Z">
      <class name="Script.BackToHome">
        <test-method status="PASS" signature="openApp()[pri:0, instance:Script.BackToHome@3dfc5fb8]" name="openApp" is-config="true" duration-ms="25198" started-at="2018-06-25T09:32:48Z" finished-at="2018-06-25T09:33:13Z">
          <reporter-output>
          </reporter-output>
        </test-method> <!-- openApp -->
        <test-method status="FAIL" signature="test()[pri:0, instance:Script.BackToHome@3dfc5fb8]" name="test" duration-ms="5796" started-at="2018-06-25T09:33:13Z" finished-at="2018-06-25T09:33:19Z">
          <exception class="org.openqa.selenium.NoSuchElementException">
            <message>
              <![CDATA[Unable to locate element: #userid
For documentation on this error, please visit: http://seleniumhq.org/exceptions/no_such_element.html
Build info: version: '3.12.0', revision: '7c6e0b3', time: '2018-05-08T15:15:08.936Z'
System info: host: 'SHARATH', ip: '192.168.50.1', os.name: 'Windows 10', os.arch: 'amd64', os.version: '10.0', java.version: '1.8.0_161'
Driver info: org.openqa.selenium.firefox.FirefoxDriver
Capabilities {acceptInsecureCerts: true, browserName: firefox, browserVersion: 60.0.2, javascriptEnabled: true, moz:accessibilityChecks: false, moz:headless: false, moz:processID: 12996, moz:profile: C:\Users\Sharath\AppData\Lo..., moz:useNonSpecCompliantPointerOrigin: false, moz:webdriverClick: true, pageLoadStrategy: normal, platform: XP, platformName: XP, platformVersion: 10.0, rotatable: false, timeouts: {implicit: 0, pageLoad: 300000, script: 30000}}
Session ID: a65c3725-46b7-40c1-be02-7ef678211c12
*** Element info: {Using=id, value=userid}]]>
            </message>
            <full-stacktrace>
              <![CDATA[org.openqa.selenium.NoSuchElementException: Unable to locate element: #userid
For documentation on this error, please visit: http://seleniumhq.org/exceptions/no_such_element.html
Build info: version: '3.12.0', revision: '7c6e0b3', time: '2018-05-08T15:15:08.936Z'
System info: host: 'SHARATH', ip: '192.168.50.1', os.name: 'Windows 10', os.arch: 'amd64', os.version: '10.0', java.version: '1.8.0_161'
Driver info: org.openqa.selenium.firefox.FirefoxDriver
Capabilities {acceptInsecureCerts: true, browserName: firefox, browserVersion: 60.0.2, javascriptEnabled: true, moz:accessibilityChecks: false, moz:headless: false, moz:processID: 12996, moz:profile: C:\Users\Sharath\AppData\Lo..., moz:useNonSpecCompliantPointerOrigin: false, moz:webdriverClick: true, pageLoadStrategy: normal, platform: XP, platformName: XP, platformVersion: 10.0, rotatable: false, timeouts: {implicit: 0, pageLoad: 300000, script: 30000}}
Session ID: a65c3725-46b7-40c1-be02-7ef678211c12
*** Element info: {Using=id, value=userid}
at sun.reflect.NativeConstructorAccessorImpl.newInstance0(Native Method)
at sun.reflect.NativeConstructorAccessorImpl.newInstance(Unknown Source)
at sun.reflect.DelegatingConstructorAccessorImpl.newInstance(Unknown Source)
at java.lang.reflect.Constructor.newInstance(Unknown Source)
at org.openqa.selenium.remote.http.W3CHttpResponseCodec.createException(W3CHttpResponseCodec.java:187)
at org.openqa.selenium.remote.http.W3CHttpResponseCodec.decode(W3CHttpResponseCodec.java:122)
at org.openqa.selenium.remote.http.W3CHttpResponseCodec.decode(W3CHttpResponseCodec.java:49)
at org.openqa.selenium.remote.HttpCommandExecutor.execute(HttpCommandExecutor.java:158)
at org.openqa.selenium.remote.service.DriverCommandExecutor.execute(DriverCommandExecutor.java:83)
at org.openqa.selenium.remote.RemoteWebDriver.execute(RemoteWebDriver.java:543)
at org.openqa.selenium.remote.RemoteWebDriver.findElement(RemoteWebDriver.java:317)
at org.openqa.selenium.remote.RemoteWebDriver.findElementById(RemoteWebDriver.java:363)
at org.openqa.selenium.By$ById.findElement(By.java:188)
at org.openqa.selenium.remote.RemoteWebDriver.findElement(RemoteWebDriver.java:309)
at org.openqa.selenium.support.pagefactory.DefaultElementLocator.findElement(DefaultElementLocator.java:69)
at org.openqa.selenium.support.pagefactory.internal.LocatingElementHandler.invoke(LocatingElementHandler.java:38)
at com.sun.proxy.$Proxy9.sendKeys(Unknown Source)
at page.SingInPage.username1(SingInPage.java:33)
at Script.BackToHome.test(BackToHome.java:21)
at sun.reflect.NativeMethodAccessorImpl.invoke0(Native Method)
at sun.reflect.NativeMethodAccessorImpl.invoke(Unknown Source)
at sun.reflect.DelegatingMethodAccessorImpl.invoke(Unknown Source)
at java.lang.reflect.Method.invoke(Unknown Source)
at org.testng.internal.MethodInvocationHelper.invokeMethod(MethodInvocationHelper.java:124)
at org.testng.internal.Invoker.invokeMethod(Invoker.java:580)
at org.testng.internal.Invoker.invokeTestMethod(Invoker.java:716)
at org.testng.internal.Invoker.invokeTestMethods(Invoker.java:988)
at org.testng.internal.TestMethodWorker.invokeTestMethods(TestMethodWorker.java:125)
at org.testng.internal.TestMethodWorker.run(TestMethodWorker.java:109)
at org.testng.TestRunner.privateRun(TestRunner.java:648)
at org.testng.TestRunner.run(TestRunner.java:505)
at org.testng.SuiteRunner.runTest(SuiteRunner.java:455)
at org.testng.SuiteRunner.runSequentially(SuiteRunner.java:450)
at org.testng.SuiteRunner.privateRun(SuiteRunner.java:415)
at org.testng.SuiteRunner.run(SuiteRunner.java:364)
at org.testng.SuiteRunnerWorker.runSuite(SuiteRunnerWorker.java:52)
at org.testng.SuiteRunnerWorker.run(SuiteRunnerWorker.java:84)
at org.testng.TestNG.runSuitesSequentially(TestNG.java:1208)
at org.testng.TestNG.runSuitesLocally(TestNG.java:1137)
at org.testng.TestNG.runSuites(TestNG.java:1049)
at org.testng.TestNG.run(TestNG.java:1017)
at org.testng.remote.AbstractRemoteTestNG.run(AbstractRemoteTestNG.java:114)
at org.testng.remote.RemoteTestNG.initAndRun(RemoteTestNG.java:251)
at org.testng.remote.RemoteTestNG.main(RemoteTestNG.java:77)
]]>
            </full-stacktrace>
          </exception> <!-- org.openqa.selenium.NoSuchElementException -->
          <reporter-output>
          </reporter-output>
        </test-method> <!-- test -->
        <test-method status="PASS" signature="closeApp()[pri:0, instance:Script.BackToHome@3dfc5fb8]" name="closeApp" is-config="true" duration-ms="1932" started-at="2018-06-25T09:40:51Z" finished-at="2018-06-25T09:40:53Z">
          <reporter-output>
          </reporter-output>
        </test-method> <!-- closeApp -->
      </class> <!-- Script.BackToHome -->
      <class name="Script.WithoutChangeLocation">
        <test-method status="PASS" signature="openApp()[pri:0, instance:Script.WithoutChangeLocation@467aecef]" name="openApp" is-config="true" duration-ms="32328" started-at="2018-06-25T09:33:19Z" finished-at="2018-06-25T09:33:51Z">
          <reporter-output>
          </reporter-output>
        </test-method> <!-- openApp -->
        <test-method status="FAIL" signature="test2()[pri:0, instance:Script.WithoutChangeLocation@467aecef]" name="test2" duration-ms="12387" started-at="2018-06-25T09:33:51Z" finished-at="2018-06-25T09:34:04Z">
          <exception class="org.openqa.selenium.NoSuchElementException">
            <message>
              <![CDATA[Unable to locate element: #dataLocation
For documentation on this error, please visit: http://seleniumhq.org/exceptions/no_such_element.html
Build info: version: '3.12.0', revision: '7c6e0b3', time: '2018-05-08T15:15:08.936Z'
System info: host: 'SHARATH', ip: '192.168.50.1', os.name: 'Windows 10', os.arch: 'amd64', os.version: '10.0', java.version: '1.8.0_161'
Driver info: org.openqa.selenium.firefox.FirefoxDriver
Capabilities {acceptInsecureCerts: true, browserName: firefox, browserVersion: 60.0.2, javascriptEnabled: true, moz:accessibilityChecks: false, moz:headless: false, moz:processID: 1832, moz:profile: C:\Users\Sharath\AppData\Lo..., moz:useNonSpecCompliantPointerOrigin: false, moz:webdriverClick: true, pageLoadStrategy: normal, platform: XP, platformName: XP, platformVersion: 10.0, rotatable: false, timeouts: {implicit: 0, pageLoad: 300000, script: 30000}}
Session ID: f7ce5a9c-a128-4712-9f0a-781583984401
*** Element info: {Using=id, value=dataLocation}]]>
            </message>
            <full-stacktrace>
              <![CDATA[org.openqa.selenium.NoSuchElementException: Unable to locate element: #dataLocation
For documentation on this error, please visit: http://seleniumhq.org/exceptions/no_such_element.html
Build info: version: '3.12.0', revision: '7c6e0b3', time: '2018-05-08T15:15:08.936Z'
System info: host: 'SHARATH', ip: '192.168.50.1', os.name: 'Windows 10', os.arch: 'amd64', os.version: '10.0', java.version: '1.8.0_161'
Driver info: org.openqa.selenium.firefox.FirefoxDriver
Capabilities {acceptInsecureCerts: true, browserName: firefox, browserVersion: 60.0.2, javascriptEnabled: true, moz:accessibilityChecks: false, moz:headless: false, moz:processID: 1832, moz:profile: C:\Users\Sharath\AppData\Lo..., moz:useNonSpecCompliantPointerOrigin: false, moz:webdriverClick: true, pageLoadStrategy: normal, platform: XP, platformName: XP, platformVersion: 10.0, rotatable: false, timeouts: {implicit: 0, pageLoad: 300000, script: 30000}}
Session ID: f7ce5a9c-a128-4712-9f0a-781583984401
*** Element info: {Using=id, value=dataLocation}
at sun.reflect.NativeConstructorAccessorImpl.newInstance0(Native Method)
at sun.reflect.NativeConstructorAccessorImpl.newInstance(Unknown Source)
at sun.reflect.DelegatingConstructorAccessorImpl.newInstance(Unknown Source)
at java.lang.reflect.Constructor.newInstance(Unknown Source)
at org.openqa.selenium.remote.http.W3CHttpResponseCodec.createException(W3CHttpResponseCodec.java:187)
at org.openqa.selenium.remote.http.W3CHttpResponseCodec.decode(W3CHttpResponseCodec.java:122)
at org.openqa.selenium.remote.http.W3CHttpResponseCodec.decode(W3CHttpResponseCodec.java:49)
at org.openqa.selenium.remote.HttpCommandExecutor.execute(HttpCommandExecutor.java:158)
at org.openqa.selenium.remote.service.DriverCommandExecutor.execute(DriverCommandExecutor.java:83)
at org.openqa.selenium.remote.RemoteWebDriver.execute(RemoteWebDriver.java:543)
at org.openqa.selenium.remote.RemoteWebDriver.findElement(RemoteWebDriver.java:317)
at org.openqa.selenium.remote.RemoteWebDriver.findElementById(RemoteWebDriver.java:363)
at org.openqa.selenium.By$ById.findElement(By.java:188)
at org.openqa.selenium.remote.RemoteWebDriver.findElement(RemoteWebDriver.java:309)
at org.openqa.selenium.support.pagefactory.DefaultElementLocator.findElement(DefaultElementLocator.java:69)
at org.openqa.selenium.support.pagefactory.internal.LocatingElementHandler.invoke(LocatingElementHandler.java:38)
at com.sun.proxy.$Proxy9.click(Unknown Source)
at page.Watches.location(Watches.java:66)
at Script.WithoutChangeLocation.test2(WithoutChangeLocation.java:23)
at sun.reflect.NativeMethodAccessorImpl.invoke0(Native Method)
at sun.reflect.NativeMethodAccessorImpl.invoke(Unknown Source)
at sun.reflect.DelegatingMethodAccessorImpl.invoke(Unknown Source)
at java.lang.reflect.Method.invoke(Unknown Source)
at org.testng.internal.MethodInvocationHelper.invokeMethod(MethodInvocationHelper.java:124)
at org.testng.internal.Invoker.invokeMethod(Invoker.java:580)
at org.testng.internal.Invoker.invokeTestMethod(Invoker.java:716)
at org.testng.internal.Invoker.invokeTestMethods(Invoker.java:988)
at org.testng.internal.TestMethodWorker.invokeTestMethods(TestMethodWorker.java:125)
at org.testng.internal.TestMethodWorker.run(TestMethodWorker.java:109)
at org.testng.TestRunner.privateRun(TestRunner.java:648)
at org.testng.TestRunner.run(TestRunner.java:505)
at org.testng.SuiteRunner.runTest(SuiteRunner.java:455)
at org.testng.SuiteRunner.runSequentially(SuiteRunner.java:450)
at org.testng.SuiteRunner.privateRun(SuiteRunner.java:415)
at org.testng.SuiteRunner.run(SuiteRunner.java:364)
at org.testng.SuiteRunnerWorker.runSuite(SuiteRunnerWorker.java:52)
at org.testng.SuiteRunnerWorker.run(SuiteRunnerWorker.java:84)
at org.testng.TestNG.runSuitesSequentially(TestNG.java:1208)
at org.testng.TestNG.runSuitesLocally(TestNG.java:1137)
at org.testng.TestNG.runSuites(TestNG.java:1049)
at org.testng.TestNG.run(TestNG.java:1017)
at org.testng.remote.AbstractRemoteTestNG.run(AbstractRemoteTestNG.java:114)
at org.testng.remote.RemoteTestNG.initAndRun(RemoteTestNG.java:251)
at org.testng.remote.RemoteTestNG.main(RemoteTestNG.java:77)
]]>
            </full-stacktrace>
          </exception> <!-- org.openqa.selenium.NoSuchElementException -->
          <reporter-output>
          </reporter-output>
        </test-method> <!-- test2 -->
      </class> <!-- Script.WithoutChangeLocation -->
      <class name="Script.AddToCart">
        <test-method status="PASS" signature="openApp()[pri:0, instance:Script.AddToCart@4d50efb8]" name="openApp" is-config="true" duration-ms="14363" started-at="2018-06-25T09:34:04Z" finished-at="2018-06-25T09:34:18Z">
          <reporter-output>
          </reporter-output>
        </test-method> <!-- openApp -->
        <test-method status="PASS" signature="test2()[pri:0, instance:Script.AddToCart@4d50efb8]" name="test2" duration-ms="32998" started-at="2018-06-25T09:34:18Z" finished-at="2018-06-25T09:34:51Z">
          <reporter-output>
          </reporter-output>
        </test-method> <!-- test2 -->
      </class> <!-- Script.AddToCart -->
      <class name="Script.DeletFromCart">
        <test-method status="PASS" signature="openApp()[pri:0, instance:Script.DeletFromCart@7e2d773b]" name="openApp" is-config="true" duration-ms="15234" started-at="2018-06-25T09:34:51Z" finished-at="2018-06-25T09:35:06Z">
          <reporter-output>
          </reporter-output>
        </test-method> <!-- openApp -->
        <test-method status="PASS" signature="test3()[pri:0, instance:Script.DeletFromCart@7e2d773b]" name="test3" duration-ms="50271" started-at="2018-06-25T09:35:06Z" finished-at="2018-06-25T09:35:57Z">
          <reporter-output>
          </reporter-output>
        </test-method> <!-- test3 -->
      </class> <!-- Script.DeletFromCart -->
      <class name="Script.LoginLogut">
        <test-method status="PASS" signature="openApp()[pri:0, instance:Script.LoginLogut@2173f6d9]" name="openApp" is-config="true" duration-ms="13348" started-at="2018-06-25T09:35:57Z" finished-at="2018-06-25T09:36:10Z">
          <reporter-output>
          </reporter-output>
        </test-method> <!-- openApp -->
        <test-method status="PASS" signature="test1()[pri:0, instance:Script.LoginLogut@2173f6d9]" name="test1" duration-ms="23271" started-at="2018-06-25T09:36:10Z" finished-at="2018-06-25T09:36:33Z">
          <reporter-output>
          </reporter-output>
        </test-method> <!-- test1 -->
      </class> <!-- Script.LoginLogut -->
      <class name="Script.ReviewAboutEbay">
        <test-method status="PASS" signature="openApp()[pri:0, instance:Script.ReviewAboutEbay@307f6b8c]" name="openApp" is-config="true" duration-ms="16142" started-at="2018-06-25T09:36:33Z" finished-at="2018-06-25T09:36:49Z">
          <reporter-output>
          </reporter-output>
        </test-method> <!-- openApp -->
        <test-method status="PASS" signature="test2()[pri:0, instance:Script.ReviewAboutEbay@307f6b8c]" name="test2" duration-ms="28412" started-at="2018-06-25T09:36:49Z" finished-at="2018-06-25T09:37:18Z">
          <reporter-output>
          </reporter-output>
        </test-method> <!-- test2 -->
      </class> <!-- Script.ReviewAboutEbay -->
      <class name="Script.PaymentPage">
        <test-method status="PASS" signature="openApp()[pri:0, instance:Script.PaymentPage@7a187f14]" name="openApp" is-config="true" duration-ms="16525" started-at="2018-06-25T09:37:18Z" finished-at="2018-06-25T09:37:34Z">
          <reporter-output>
          </reporter-output>
        </test-method> <!-- openApp -->
        <test-method status="PASS" signature="test4()[pri:0, instance:Script.PaymentPage@7a187f14]" name="test4" duration-ms="45122" started-at="2018-06-25T09:37:34Z" finished-at="2018-06-25T09:38:19Z">
          <reporter-output>
          </reporter-output>
        </test-method> <!-- test4 -->
      </class> <!-- Script.PaymentPage -->
      <class name="Script.SearchItemTestCase">
        <test-method status="PASS" signature="openApp()[pri:0, instance:Script.SearchItemTestCase@6f195bc3]" name="openApp" is-config="true" duration-ms="15219" started-at="2018-06-25T09:38:19Z" finished-at="2018-06-25T09:38:35Z">
          <reporter-output>
          </reporter-output>
        </test-method> <!-- openApp -->
        <test-method status="PASS" signature="test1()[pri:0, instance:Script.SearchItemTestCase@6f195bc3]" name="test1" duration-ms="24146" started-at="2018-06-25T09:38:35Z" finished-at="2018-06-25T09:38:59Z">
          <reporter-output>
          </reporter-output>
        </test-method> <!-- test1 -->
      </class> <!-- Script.SearchItemTestCase -->
      <class name="Script.WithoutAddToCart">
        <test-method status="PASS" signature="openApp()[pri:0, instance:Script.WithoutAddToCart@51e2adc7]" name="openApp" is-config="true" duration-ms="22247" started-at="2018-06-25T09:38:59Z" finished-at="2018-06-25T09:39:21Z">
          <reporter-output>
          </reporter-output>
        </test-method> <!-- openApp -->
        <test-method status="PASS" signature="test2()[pri:0, instance:Script.WithoutAddToCart@51e2adc7]" name="test2" duration-ms="14531" started-at="2018-06-25T09:39:21Z" finished-at="2018-06-25T09:39:36Z">
          <reporter-output>
          </reporter-output>
        </test-method> <!-- test2 -->
      </class> <!-- Script.WithoutAddToCart -->
      <class name="Script.ReturnAndRefund">
        <test-method status="PASS" signature="openApp()[pri:0, instance:Script.ReturnAndRefund@1a8a8f7c]" name="openApp" is-config="true" duration-ms="20546" started-at="2018-06-25T09:39:36Z" finished-at="2018-06-25T09:39:56Z">
          <reporter-output>
          </reporter-output>
        </test-method> <!-- openApp -->
        <test-method status="PASS" signature="test2()[pri:0, instance:Script.ReturnAndRefund@1a8a8f7c]" name="test2" duration-ms="54979" started-at="2018-06-25T09:39:56Z" finished-at="2018-06-25T09:40:51Z">
          <reporter-output>
          </reporter-output>
        </test-method> <!-- test2 -->
      </class> <!-- Script.ReturnAndRefund -->
    </test> <!-- Default test -->
  </suite> <!-- Default suite -->
</testng-results>
